  CConsole.c
C:\Users\wkdcm\source\repos\CConsoleGame4\CConsoleGame4\CConsole.c(142,39): warning C4244:  '=': 'double'에서 'int'(으)로 변환하면서 데이터가 손실될 수 있습니다.
C:\Users\wkdcm\source\repos\CConsoleGame4\CConsoleGame4\CConsole.c(143,38): warning C4244:  '=': 'double'에서 'int'(으)로 변환하면서 데이터가 손실될 수 있습니다.
C:\Users\wkdcm\source\repos\CConsoleGame4\CConsoleGame4\CConsole.c(304,1): warning C4996:  'sprintf': This function or variable may be unsafe. Consider using sprintf_s instead. To disable deprecation, use _CRT_SECURE_NO_WARNINGS. See online help for details.
C:\Program Files (x86)\Windows Kits\10\Include\10.0.18362.0\ucrt\stdio.h(1774): message :  'sprintf' 선언을 참조하십시오.
C:\Users\wkdcm\source\repos\CConsoleGame4\CConsoleGame4\CConsole.c(319,24): warning C4244:  '함수': 'ULONGLONG'에서 'unsigned int'(으)로 변환하면서 데이터가 손실될 수 있습니다.
C:\Users\wkdcm\source\repos\CConsoleGame4\CConsoleGame4\CConsole.c(461,34): warning C4047:  '=': 'HBITMAP'의 간접 참조 수준이 'int'과(와) 다릅니다.
C:\Users\wkdcm\source\repos\CConsoleGame4\CConsoleGame4\CConsole.c(462,34): warning C4047:  '=': 'HBITMAP'의 간접 참조 수준이 'int'과(와) 다릅니다.
C:\Users\wkdcm\source\repos\CConsoleGame4\CConsoleGame4\CConsole.c(464,34): warning C4047:  '=': 'HBITMAP'의 간접 참조 수준이 'int'과(와) 다릅니다.
C:\Users\wkdcm\source\repos\CConsoleGame4\CConsoleGame4\CConsole.c(465,34): warning C4047:  '=': 'HBITMAP'의 간접 참조 수준이 'int'과(와) 다릅니다.
C:\Users\wkdcm\source\repos\CConsoleGame4\CConsoleGame4\CConsole.c(467,34): warning C4047:  '=': 'HBITMAP'의 간접 참조 수준이 'int'과(와) 다릅니다.
C:\Users\wkdcm\source\repos\CConsoleGame4\CConsoleGame4\CConsole.c(468,34): warning C4047:  '=': 'HBITMAP'의 간접 참조 수준이 'int'과(와) 다릅니다.
C:\Users\wkdcm\source\repos\CConsoleGame4\CConsoleGame4\CConsole.c(470,34): warning C4047:  '=': 'HBITMAP'의 간접 참조 수준이 'int'과(와) 다릅니다.
C:\Users\wkdcm\source\repos\CConsoleGame4\CConsoleGame4\CConsole.c(471,34): warning C4047:  '=': 'HBITMAP'의 간접 참조 수준이 'int'과(와) 다릅니다.
C:\Users\wkdcm\source\repos\CConsoleGame4\CConsoleGame4\CConsole.c(473,34): warning C4047:  '=': 'HBITMAP'의 간접 참조 수준이 'int'과(와) 다릅니다.
C:\Users\wkdcm\source\repos\CConsoleGame4\CConsoleGame4\CConsole.c(474,34): warning C4047:  '=': 'HBITMAP'의 간접 참조 수준이 'int'과(와) 다릅니다.
C:\Users\wkdcm\source\repos\CConsoleGame4\CConsoleGame4\CConsole.c(477,36): warning C4047:  '=': 'HBITMAP'의 간접 참조 수준이 'int'과(와) 다릅니다.
C:\Users\wkdcm\source\repos\CConsoleGame4\CConsoleGame4\CConsole.c(478,36): warning C4047:  '=': 'HBITMAP'의 간접 참조 수준이 'int'과(와) 다릅니다.
C:\Users\wkdcm\source\repos\CConsoleGame4\CConsoleGame4\CConsole.c(480,36): warning C4047:  '=': 'HBITMAP'의 간접 참조 수준이 'int'과(와) 다릅니다.
C:\Users\wkdcm\source\repos\CConsoleGame4\CConsoleGame4\CConsole.c(481,36): warning C4047:  '=': 'HBITMAP'의 간접 참조 수준이 'int'과(와) 다릅니다.
C:\Users\wkdcm\source\repos\CConsoleGame4\CConsoleGame4\CConsole.c(483,36): warning C4047:  '=': 'HBITMAP'의 간접 참조 수준이 'int'과(와) 다릅니다.
C:\Users\wkdcm\source\repos\CConsoleGame4\CConsoleGame4\CConsole.c(484,36): warning C4047:  '=': 'HBITMAP'의 간접 참조 수준이 'int'과(와) 다릅니다.
C:\Users\wkdcm\source\repos\CConsoleGame4\CConsoleGame4\CConsole.c(486,36): warning C4047:  '=': 'HBITMAP'의 간접 참조 수준이 'int'과(와) 다릅니다.
C:\Users\wkdcm\source\repos\CConsoleGame4\CConsoleGame4\CConsole.c(487,36): warning C4047:  '=': 'HBITMAP'의 간접 참조 수준이 'int'과(와) 다릅니다.
C:\Users\wkdcm\source\repos\CConsoleGame4\CConsoleGame4\CConsole.c(489,36): warning C4047:  '=': 'HBITMAP'의 간접 참조 수준이 'int'과(와) 다릅니다.
C:\Users\wkdcm\source\repos\CConsoleGame4\CConsoleGame4\CConsole.c(490,36): warning C4047:  '=': 'HBITMAP'의 간접 참조 수준이 'int'과(와) 다릅니다.
C:\Users\wkdcm\source\repos\CConsoleGame4\CConsoleGame4\CConsole.c(494,28): warning C4047:  '=': 'HBITMAP'의 간접 참조 수준이 'int'과(와) 다릅니다.
C:\Users\wkdcm\source\repos\CConsoleGame4\CConsoleGame4\CConsole.c(498,28): warning C4047:  '=': 'HBITMAP'의 간접 참조 수준이 'int'과(와) 다릅니다.
C:\Users\wkdcm\source\repos\CConsoleGame4\CConsoleGame4\CConsole.c(502,28): warning C4047:  '=': 'HBITMAP'의 간접 참조 수준이 'int'과(와) 다릅니다.
C:\Users\wkdcm\source\repos\CConsoleGame4\CConsoleGame4\CConsole.c(506,28): warning C4047:  '=': 'HBITMAP'의 간접 참조 수준이 'int'과(와) 다릅니다.
C:\Users\wkdcm\source\repos\CConsoleGame4\CConsoleGame4\CConsole.c(509,31): warning C4047:  '=': 'HBITMAP'의 간접 참조 수준이 'int'과(와) 다릅니다.
C:\Users\wkdcm\source\repos\CConsoleGame4\CConsoleGame4\CConsole.c(510,31): warning C4047:  '=': 'HBITMAP'의 간접 참조 수준이 'int'과(와) 다릅니다.
C:\Users\wkdcm\source\repos\CConsoleGame4\CConsoleGame4\CConsole.c(511,31): warning C4047:  '=': 'HBITMAP'의 간접 참조 수준이 'int'과(와) 다릅니다.
C:\Users\wkdcm\source\repos\CConsoleGame4\CConsoleGame4\CConsole.c(512,31): warning C4047:  '=': 'HBITMAP'의 간접 참조 수준이 'int'과(와) 다릅니다.
C:\Users\wkdcm\source\repos\CConsoleGame4\CConsoleGame4\CConsole.c(514,29): warning C4047:  '=': 'HBITMAP'의 간접 참조 수준이 'int'과(와) 다릅니다.
C:\Users\wkdcm\source\repos\CConsoleGame4\CConsoleGame4\CConsole.c(515,29): warning C4047:  '=': 'HBITMAP'의 간접 참조 수준이 'int'과(와) 다릅니다.
C:\Users\wkdcm\source\repos\CConsoleGame4\CConsoleGame4\CConsole.c(516,29): warning C4047:  '=': 'HBITMAP'의 간접 참조 수준이 'int'과(와) 다릅니다.
C:\Users\wkdcm\source\repos\CConsoleGame4\CConsoleGame4\CConsole.c(517,29): warning C4047:  '=': 'HBITMAP'의 간접 참조 수준이 'int'과(와) 다릅니다.
C:\Users\wkdcm\source\repos\CConsoleGame4\CConsoleGame4\CConsole.c(987,24): warning C4244:  '함수': 'ULONGLONG'에서 'unsigned int'(으)로 변환하면서 데이터가 손실될 수 있습니다.
C:\Users\wkdcm\source\repos\CConsoleGame4\CConsoleGame4\CConsole.c(986,6): warning C4101:  'Rand' :참조되지 않은 지역 변수입니다.
C:\Users\wkdcm\source\repos\CConsoleGame4\CConsoleGame4\CConsole.c(1160,39): warning C4047:  '=': 'HBITMAP'의 간접 참조 수준이 'int'과(와) 다릅니다.
C:\Users\wkdcm\source\repos\CConsoleGame4\CConsoleGame4\CConsole.c(1165,39): warning C4047:  '=': 'HBITMAP'의 간접 참조 수준이 'int'과(와) 다릅니다.
C:\Users\wkdcm\source\repos\CConsoleGame4\CConsoleGame4\CConsole.c(1170,39): warning C4047:  '=': 'HBITMAP'의 간접 참조 수준이 'int'과(와) 다릅니다.
C:\Users\wkdcm\source\repos\CConsoleGame4\CConsoleGame4\CConsole.c(1181,42): warning C4047:  '=': 'HBITMAP'의 간접 참조 수준이 'int'과(와) 다릅니다.
C:\Users\wkdcm\source\repos\CConsoleGame4\CConsoleGame4\CConsole.c(1184,42): warning C4047:  '=': 'HBITMAP'의 간접 참조 수준이 'int'과(와) 다릅니다.
C:\Users\wkdcm\source\repos\CConsoleGame4\CConsoleGame4\CConsole.c(1187,42): warning C4047:  '=': 'HBITMAP'의 간접 참조 수준이 'int'과(와) 다릅니다.
C:\Users\wkdcm\source\repos\CConsoleGame4\CConsoleGame4\CConsole.c(1293,24): warning C4244:  '함수': 'ULONGLONG'에서 'unsigned int'(으)로 변환하면서 데이터가 손실될 수 있습니다.
C:\Users\wkdcm\source\repos\CConsoleGame4\CConsoleGame4\CConsole.c(1303,35): warning C4047:  '=': 'HBITMAP'의 간접 참조 수준이 'int'과(와) 다릅니다.
C:\Users\wkdcm\source\repos\CConsoleGame4\CConsoleGame4\CConsole.c(1306,35): warning C4047:  '=': 'HBITMAP'의 간접 참조 수준이 'int'과(와) 다릅니다.
C:\Users\wkdcm\source\repos\CConsoleGame4\CConsoleGame4\CConsole.c(1309,35): warning C4047:  '=': 'HBITMAP'의 간접 참조 수준이 'int'과(와) 다릅니다.
C:\Users\wkdcm\source\repos\CConsoleGame4\CConsoleGame4\CConsole.c(1322,35): warning C4047:  '=': 'HBITMAP'의 간접 참조 수준이 'int'과(와) 다릅니다.
C:\Users\wkdcm\source\repos\CConsoleGame4\CConsoleGame4\CConsole.c(1325,35): warning C4047:  '=': 'HBITMAP'의 간접 참조 수준이 'int'과(와) 다릅니다.
C:\Users\wkdcm\source\repos\CConsoleGame4\CConsoleGame4\CConsole.c(1328,35): warning C4047:  '=': 'HBITMAP'의 간접 참조 수준이 'int'과(와) 다릅니다.
C:\Users\wkdcm\source\repos\CConsoleGame4\CConsoleGame4\CConsole.c(1339,31): warning C4047:  '=': 'HBITMAP'의 간접 참조 수준이 'int'과(와) 다릅니다.
C:\Users\wkdcm\source\repos\CConsoleGame4\CConsoleGame4\CConsole.c(1340,32): warning C4047:  '=': 'HBITMAP'의 간접 참조 수준이 'int'과(와) 다릅니다.
C:\Users\wkdcm\source\repos\CConsoleGame4\CConsoleGame4\CConsole.c(1341,34): warning C4047:  '=': 'HBITMAP'의 간접 참조 수준이 'int'과(와) 다릅니다.
C:\Users\wkdcm\source\repos\CConsoleGame4\CConsoleGame4\CConsole.c(1344,31): warning C4047:  '=': 'HBITMAP'의 간접 참조 수준이 'int'과(와) 다릅니다.
C:\Users\wkdcm\source\repos\CConsoleGame4\CConsoleGame4\CConsole.c(1345,32): warning C4047:  '=': 'HBITMAP'의 간접 참조 수준이 'int'과(와) 다릅니다.
C:\Users\wkdcm\source\repos\CConsoleGame4\CConsoleGame4\CConsole.c(1346,34): warning C4047:  '=': 'HBITMAP'의 간접 참조 수준이 'int'과(와) 다릅니다.
C:\Users\wkdcm\source\repos\CConsoleGame4\CConsoleGame4\CConsole.c(1349,31): warning C4047:  '=': 'HBITMAP'의 간접 참조 수준이 'int'과(와) 다릅니다.
C:\Users\wkdcm\source\repos\CConsoleGame4\CConsoleGame4\CConsole.c(1350,32): warning C4047:  '=': 'HBITMAP'의 간접 참조 수준이 'int'과(와) 다릅니다.
C:\Users\wkdcm\source\repos\CConsoleGame4\CConsoleGame4\CConsole.c(1351,34): warning C4047:  '=': 'HBITMAP'의 간접 참조 수준이 'int'과(와) 다릅니다.
C:\Users\wkdcm\source\repos\CConsoleGame4\CConsoleGame4\CConsole.c(1354,31): warning C4047:  '=': 'HBITMAP'의 간접 참조 수준이 'int'과(와) 다릅니다.
C:\Users\wkdcm\source\repos\CConsoleGame4\CConsoleGame4\CConsole.c(1355,32): warning C4047:  '=': 'HBITMAP'의 간접 참조 수준이 'int'과(와) 다릅니다.
C:\Users\wkdcm\source\repos\CConsoleGame4\CConsoleGame4\CConsole.c(1356,34): warning C4047:  '=': 'HBITMAP'의 간접 참조 수준이 'int'과(와) 다릅니다.
C:\Users\wkdcm\source\repos\CConsoleGame4\CConsoleGame4\CConsole.c(1390,23): warning C4101:  'hOldBitmap' :참조되지 않은 지역 변수입니다.
C:\Users\wkdcm\source\repos\CConsoleGame4\CConsoleGame4\CConsole.c(1464,1): warning C4996:  'fopen': This function or variable may be unsafe. Consider using fopen_s instead. To disable deprecation, use _CRT_SECURE_NO_WARNINGS. See online help for details.
C:\Program Files (x86)\Windows Kits\10\Include\10.0.18362.0\ucrt\stdio.h(208): message :  'fopen' 선언을 참조하십시오.
C:\Users\wkdcm\source\repos\CConsoleGame4\CConsoleGame4\CConsole.c(1497,1): warning C4996:  'strtok': This function or variable may be unsafe. Consider using strtok_s instead. To disable deprecation, use _CRT_SECURE_NO_WARNINGS. See online help for details.
C:\Program Files (x86)\Windows Kits\10\Include\10.0.18362.0\ucrt\string.h(440): message :  'strtok' 선언을 참조하십시오.
C:\Users\wkdcm\source\repos\CConsoleGame4\CConsoleGame4\CConsole.c(1500,1): warning C4996:  'strtok': This function or variable may be unsafe. Consider using strtok_s instead. To disable deprecation, use _CRT_SECURE_NO_WARNINGS. See online help for details.
C:\Program Files (x86)\Windows Kits\10\Include\10.0.18362.0\ucrt\string.h(440): message :  'strtok' 선언을 참조하십시오.
C:\Users\wkdcm\source\repos\CConsoleGame4\CConsoleGame4\CConsole.c(1461,7): warning C4101:  'chSub' :참조되지 않은 지역 변수입니다.
C:\Users\wkdcm\source\repos\CConsoleGame4\CConsoleGame4\CConsole.c(1543,24): warning C4244:  '함수': 'ULONGLONG'에서 'unsigned int'(으)로 변환하면서 데이터가 손실될 수 있습니다.
C:\Users\wkdcm\source\repos\CConsoleGame4\CConsoleGame4\CConsole.c(1583,24): warning C4244:  '함수': 'ULONGLONG'에서 'unsigned int'(으)로 변환하면서 데이터가 손실될 수 있습니다.
C:\Users\wkdcm\source\repos\CConsoleGame4\CConsoleGame4\CConsole.c(1684,79): warning C4244:  '=': 'float'에서 'int'(으)로 변환하면서 데이터가 손실될 수 있습니다.
C:\Users\wkdcm\source\repos\CConsoleGame4\CConsoleGame4\CConsole.c(1731,95): warning C4244:  '=': 'float'에서 'int'(으)로 변환하면서 데이터가 손실될 수 있습니다.
C:\Users\wkdcm\source\repos\CConsoleGame4\CConsoleGame4\CConsole.c(1736,100): warning C4244:  '=': 'float'에서 'int'(으)로 변환하면서 데이터가 손실될 수 있습니다.
C:\Users\wkdcm\source\repos\CConsoleGame4\CConsoleGame4\CConsole.c(1754,95): warning C4244:  '=': 'float'에서 'int'(으)로 변환하면서 데이터가 손실될 수 있습니다.
C:\Users\wkdcm\source\repos\CConsoleGame4\CConsoleGame4\CConsole.c(1759,100): warning C4244:  '=': 'float'에서 'int'(으)로 변환하면서 데이터가 손실될 수 있습니다.
C:\Users\wkdcm\source\repos\CConsoleGame4\CConsoleGame4\CConsole.c(1778,28): warning C4244:  '=': 'double'에서 'int'(으)로 변환하면서 데이터가 손실될 수 있습니다.
C:\Users\wkdcm\source\repos\CConsoleGame4\CConsoleGame4\CConsole.c(1779,27): warning C4244:  '=': 'double'에서 'int'(으)로 변환하면서 데이터가 손실될 수 있습니다.
C:\Users\wkdcm\source\repos\CConsoleGame4\CConsoleGame4\CConsole.c(1795,17): warning C4013:  '_kbhit'이(가) 정의되지 않았습니다. extern은 int형을 반환하는 것으로 간주합니다.
C:\Users\wkdcm\source\repos\CConsoleGame4\CConsoleGame4\CConsole.c(1795,27): warning C4013:  '_getch'이(가) 정의되지 않았습니다. extern은 int형을 반환하는 것으로 간주합니다.
C:\Users\wkdcm\source\repos\CConsoleGame4\CConsoleGame4\CConsole.c(1806,24): warning C4013:  'getch'이(가) 정의되지 않았습니다. extern은 int형을 반환하는 것으로 간주합니다.
C:\Users\wkdcm\source\repos\CConsoleGame4\CConsoleGame4\CConsole.c(1831,28): warning C4047:  '함수': 'HBITMAP'의 간접 참조 수준이 'int'과(와) 다릅니다.
C:\Users\wkdcm\source\repos\CConsoleGame4\CConsoleGame4\CConsole.c(1831,28): warning C4024:  'EndingRender': 형식 및 실제 매개 변수 1의 형식이 서로 다릅니다.
C:\Users\wkdcm\source\repos\CConsoleGame4\CConsoleGame4\CConsole.c(1837,28): warning C4047:  '함수': 'HBITMAP'의 간접 참조 수준이 'int'과(와) 다릅니다.
C:\Users\wkdcm\source\repos\CConsoleGame4\CConsoleGame4\CConsole.c(1837,28): warning C4024:  'EndingRender': 형식 및 실제 매개 변수 1의 형식이 서로 다릅니다.
C:\Users\wkdcm\source\repos\CConsoleGame4\CConsoleGame4\CConsole.c(1843,28): warning C4047:  '함수': 'HBITMAP'의 간접 참조 수준이 'int'과(와) 다릅니다.
C:\Users\wkdcm\source\repos\CConsoleGame4\CConsoleGame4\CConsole.c(1843,28): warning C4024:  'EndingRender': 형식 및 실제 매개 변수 1의 형식이 서로 다릅니다.
C:\Users\wkdcm\source\repos\CConsoleGame4\CConsoleGame4\CConsole.c(1784,1): warning C4996:  'fopen': This function or variable may be unsafe. Consider using fopen_s instead. To disable deprecation, use _CRT_SECURE_NO_WARNINGS. See online help for details.
C:\Program Files (x86)\Windows Kits\10\Include\10.0.18362.0\ucrt\stdio.h(208): message :  'fopen' 선언을 참조하십시오.
  CConsoleGame4.vcxproj -> C:\Users\wkdcm\source\repos\CConsoleGame4\Debug\CConsoleGame4.exe
