c:\users\wkdcm\source\repos\cconsolegame4\cconsolegame4\debug\vc142.pdb
c:\users\wkdcm\source\repos\cconsolegame4\cconsolegame4\debug\vc142.idb
c:\users\wkdcm\source\repos\cconsolegame4\cconsolegame4\debug\cconsole.obj
c:\users\wkdcm\source\repos\cconsolegame4\debug\cconsolegame4.exe
c:\users\wkdcm\source\repos\cconsolegame4\debug\cconsolegame4.ilk
c:\users\wkdcm\source\repos\cconsolegame4\debug\cconsolegame4.pdb
c:\users\wkdcm\source\repos\cconsolegame4\cconsolegame4\debug\cconsolegame4.res
c:\users\wkdcm\source\repos\cconsolegame4\cconsolegame4\debug\nativecodeanalysis.read.1.tlog
c:\users\wkdcm\source\repos\cconsolegame4\cconsolegame4\debug\cconsole.nativecodeanalysis.xml
c:\users\wkdcm\source\repos\cconsolegame4\cconsolegame4\debug\vc.nativecodeanalysis.all.xml
c:\users\wkdcm\source\repos\cconsolegame4\debug\cconsolegame4.exe.lastcodeanalysissucceeded
c:\users\wkdcm\source\repos\cconsolegame4\cconsolegame4\debug\cconsolegame4.tlog\cl.command.1.tlog
c:\users\wkdcm\source\repos\cconsolegame4\cconsolegame4\debug\cconsolegame4.tlog\cl.read.1.tlog
c:\users\wkdcm\source\repos\cconsolegame4\cconsolegame4\debug\cconsolegame4.tlog\cl.write.1.tlog
c:\users\wkdcm\source\repos\cconsolegame4\cconsolegame4\debug\cconsolegame4.tlog\link.command.1.tlog
c:\users\wkdcm\source\repos\cconsolegame4\cconsolegame4\debug\cconsolegame4.tlog\link.read.1.tlog
c:\users\wkdcm\source\repos\cconsolegame4\cconsolegame4\debug\cconsolegame4.tlog\link.write.1.tlog
c:\users\wkdcm\source\repos\cconsolegame4\cconsolegame4\debug\cconsolegame4.tlog\rc.command.1.tlog
c:\users\wkdcm\source\repos\cconsolegame4\cconsolegame4\debug\cconsolegame4.tlog\rc.read.1.tlog
c:\users\wkdcm\source\repos\cconsolegame4\cconsolegame4\debug\cconsolegame4.tlog\rc.write.1.tlog
